<component name="ProjectRunConfigurationManager">
  <configuration default="false" name="test-coverage" type="MAKEFILE_TARGET_RUN_CONFIGURATION" factoryName="Makefile">
    <makefile filename="$PROJECT_DIR$/Makefile" target="test-coverage" workingDirectory="$PROJECT_DIR$" arguments="">
      <envs />
    </makefile>
    <method v="2" />
  </configuration>
</component>